{"/Users/benhurmartins/Desktop/react-native/imageFinder/src/components/Button.js": {"path":"/Users/benhurmartins/Desktop/react-native/imageFinder/src/components/Button.js","statementMap":{"0":{"start":{"line":5,"column":15},"end":{"line":13,"column":1}},"1":{"start":{"line":6,"column":2},"end":{"line":12,"column":4}},"2":{"start":{"line":17,"column":15},"end":{"line":30,"column":2}}},"fnMap":{"0":{"name":"(anonymous_0)","decl":{"start":{"line":5,"column":15},"end":{"line":5,"column":16}},"loc":{"start":{"line":5,"column":51},"end":{"line":13,"column":1}},"line":5}},"branchMap":{},"s":{"0":5,"1":9,"2":5},"f":{"0":9},"b":{},"_coverageSchema":"1a1c01bbd47fc00a2c39e90264f33305004495a9","hash":"5aa76923dd273a21c64826b89e773150537dd79d"}
,"/Users/benhurmartins/Desktop/react-native/imageFinder/src/components/CardTermHistory.js": {"path":"/Users/benhurmartins/Desktop/react-native/imageFinder/src/components/CardTermHistory.js","statementMap":{"0":{"start":{"line":5,"column":24},"end":{"line":11,"column":1}},"1":{"start":{"line":6,"column":2},"end":{"line":10,"column":4}},"2":{"start":{"line":7,"column":62},"end":{"line":7,"column":75}},"3":{"start":{"line":15,"column":15},"end":{"line":28,"column":2}}},"fnMap":{"0":{"name":"(anonymous_0)","decl":{"start":{"line":5,"column":24},"end":{"line":5,"column":25}},"loc":{"start":{"line":5,"column":45},"end":{"line":11,"column":1}},"line":5},"1":{"name":"(anonymous_1)","decl":{"start":{"line":7,"column":56},"end":{"line":7,"column":57}},"loc":{"start":{"line":7,"column":62},"end":{"line":7,"column":75}},"line":7}},"branchMap":{},"s":{"0":5,"1":4,"2":0,"3":5},"f":{"0":4,"1":0},"b":{},"_coverageSchema":"1a1c01bbd47fc00a2c39e90264f33305004495a9","hash":"331af5b0f18d0c394c74a3aadcfcaa1cee0f2bf7"}
,"/Users/benhurmartins/Desktop/react-native/imageFinder/src/components/FlatListComponent.js": {"path":"/Users/benhurmartins/Desktop/react-native/imageFinder/src/components/FlatListComponent.js","statementMap":{"0":{"start":{"line":9,"column":26},"end":{"line":33,"column":1}},"1":{"start":{"line":10,"column":19},"end":{"line":10,"column":32}},"2":{"start":{"line":11,"column":37},"end":{"line":11,"column":78}},"3":{"start":{"line":11,"column":58},"end":{"line":11,"column":77}},"4":{"start":{"line":13,"column":21},"end":{"line":13,"column":57}},"5":{"start":{"line":13,"column":33},"end":{"line":13,"column":57}},"6":{"start":{"line":15,"column":25},"end":{"line":20,"column":3}},"7":{"start":{"line":16,"column":4},"end":{"line":19,"column":7}},"8":{"start":{"line":17,"column":6},"end":{"line":17,"column":58}},"9":{"start":{"line":18,"column":6},"end":{"line":18,"column":39}},"10":{"start":{"line":22,"column":2},"end":{"line":32,"column":4}},"11":{"start":{"line":27,"column":37},"end":{"line":27,"column":44}},"12":{"start":{"line":37,"column":15},"end":{"line":43,"column":2}}},"fnMap":{"0":{"name":"(anonymous_0)","decl":{"start":{"line":9,"column":26},"end":{"line":9,"column":27}},"loc":{"start":{"line":9,"column":32},"end":{"line":33,"column":1}},"line":9},"1":{"name":"(anonymous_1)","decl":{"start":{"line":11,"column":49},"end":{"line":11,"column":50}},"loc":{"start":{"line":11,"column":58},"end":{"line":11,"column":77}},"line":11},"2":{"name":"(anonymous_2)","decl":{"start":{"line":13,"column":21},"end":{"line":13,"column":22}},"loc":{"start":{"line":13,"column":33},"end":{"line":13,"column":57}},"line":13},"3":{"name":"(anonymous_3)","decl":{"start":{"line":15,"column":25},"end":{"line":15,"column":26}},"loc":{"start":{"line":15,"column":31},"end":{"line":20,"column":3}},"line":15},"4":{"name":"(anonymous_4)","decl":{"start":{"line":16,"column":48},"end":{"line":16,"column":49}},"loc":{"start":{"line":16,"column":58},"end":{"line":19,"column":5}},"line":16},"5":{"name":"(anonymous_5)","decl":{"start":{"line":27,"column":20},"end":{"line":27,"column":21}},"loc":{"start":{"line":27,"column":37},"end":{"line":27,"column":44}},"line":27}},"branchMap":{},"s":{"0":4,"1":4,"2":4,"3":0,"4":4,"5":8,"6":4,"7":0,"8":0,"9":0,"10":4,"11":8,"12":4},"f":{"0":4,"1":0,"2":8,"3":0,"4":0,"5":8},"b":{},"_coverageSchema":"1a1c01bbd47fc00a2c39e90264f33305004495a9","hash":"0fa027bdedb0c8bf54071c92bea4acdbb022ff67"}
,"/Users/benhurmartins/Desktop/react-native/imageFinder/src/components/ImageOverlay.js": {"path":"/Users/benhurmartins/Desktop/react-native/imageFinder/src/components/ImageOverlay.js","statementMap":{"0":{"start":{"line":6,"column":21},"end":{"line":18,"column":1}},"1":{"start":{"line":7,"column":2},"end":{"line":17,"column":4}},"2":{"start":{"line":21,"column":15},"end":{"line":26,"column":2}}},"fnMap":{"0":{"name":"(anonymous_0)","decl":{"start":{"line":6,"column":21},"end":{"line":6,"column":22}},"loc":{"start":{"line":6,"column":56},"end":{"line":18,"column":1}},"line":6}},"branchMap":{},"s":{"0":4,"1":10,"2":4},"f":{"0":10},"b":{},"_coverageSchema":"1a1c01bbd47fc00a2c39e90264f33305004495a9","hash":"b6ad9d4abe87513d9dc28d8bd4ea7e9fe960725b"}
,"/Users/benhurmartins/Desktop/react-native/imageFinder/src/components/ListItem.js": {"path":"/Users/benhurmartins/Desktop/react-native/imageFinder/src/components/ListItem.js","statementMap":{"0":{"start":{"line":7,"column":17},"end":{"line":30,"column":1}},"1":{"start":{"line":8,"column":32},"end":{"line":8,"column":47}},"2":{"start":{"line":10,"column":24},"end":{"line":12,"column":3}},"3":{"start":{"line":11,"column":4},"end":{"line":11,"column":25}},"4":{"start":{"line":14,"column":17},"end":{"line":16,"column":3}},"5":{"start":{"line":15,"column":4},"end":{"line":15,"column":101}},"6":{"start":{"line":18,"column":2},"end":{"line":29,"column":4}},"7":{"start":{"line":33,"column":15},"end":{"line":42,"column":2}}},"fnMap":{"0":{"name":"(anonymous_0)","decl":{"start":{"line":7,"column":17},"end":{"line":7,"column":18}},"loc":{"start":{"line":7,"column":29},"end":{"line":30,"column":1}},"line":7},"1":{"name":"(anonymous_1)","decl":{"start":{"line":10,"column":24},"end":{"line":10,"column":25}},"loc":{"start":{"line":10,"column":30},"end":{"line":12,"column":3}},"line":10},"2":{"name":"(anonymous_2)","decl":{"start":{"line":14,"column":17},"end":{"line":14,"column":18}},"loc":{"start":{"line":14,"column":23},"end":{"line":16,"column":3}},"line":14}},"branchMap":{},"s":{"0":4,"1":10,"2":10,"3":0,"4":10,"5":20,"6":10,"7":4},"f":{"0":10,"1":0,"2":20},"b":{},"_coverageSchema":"1a1c01bbd47fc00a2c39e90264f33305004495a9","hash":"6ef288749a8824286db1a9ce3612d4cdff213665"}
,"/Users/benhurmartins/Desktop/react-native/imageFinder/src/components/SearchBarComponent.js": {"path":"/Users/benhurmartins/Desktop/react-native/imageFinder/src/components/SearchBarComponent.js","statementMap":{"0":{"start":{"line":12,"column":0},"end":{"line":12,"column":25}},"1":{"start":{"line":14,"column":27},"end":{"line":107,"column":1}},"2":{"start":{"line":15,"column":19},"end":{"line":15,"column":32}},"3":{"start":{"line":16,"column":37},"end":{"line":16,"column":78}},"4":{"start":{"line":16,"column":58},"end":{"line":16,"column":77}},"5":{"start":{"line":17,"column":40},"end":{"line":17,"column":55}},"6":{"start":{"line":19,"column":2},"end":{"line":22,"column":9}},"7":{"start":{"line":21,"column":4},"end":{"line":21,"column":22}},"8":{"start":{"line":24,"column":23},"end":{"line":34,"column":3}},"9":{"start":{"line":26,"column":4},"end":{"line":26,"column":26}},"10":{"start":{"line":27,"column":4},"end":{"line":33,"column":5}},"11":{"start":{"line":28,"column":6},"end":{"line":28,"column":41}},"12":{"start":{"line":29,"column":6},"end":{"line":29,"column":36}},"13":{"start":{"line":30,"column":6},"end":{"line":32,"column":9}},"14":{"start":{"line":31,"column":8},"end":{"line":31,"column":60}},"15":{"start":{"line":36,"column":26},"end":{"line":45,"column":3}},"16":{"start":{"line":38,"column":4},"end":{"line":44,"column":5}},"17":{"start":{"line":39,"column":18},"end":{"line":39,"column":61}},"18":{"start":{"line":40,"column":6},"end":{"line":40,"column":53}},"19":{"start":{"line":41,"column":6},"end":{"line":41,"column":56}},"20":{"start":{"line":43,"column":6},"end":{"line":43,"column":21}},"21":{"start":{"line":47,"column":21},"end":{"line":62,"column":3}},"22":{"start":{"line":49,"column":4},"end":{"line":61,"column":5}},"23":{"start":{"line":50,"column":28},"end":{"line":50,"column":40}},"24":{"start":{"line":52,"column":20},"end":{"line":52,"column":69}},"25":{"start":{"line":52,"column":49},"end":{"line":52,"column":68}},"26":{"start":{"line":53,"column":6},"end":{"line":58,"column":7}},"27":{"start":{"line":54,"column":8},"end":{"line":54,"column":38}},"28":{"start":{"line":55,"column":26},"end":{"line":55,"column":57}},"29":{"start":{"line":56,"column":8},"end":{"line":56,"column":68}},"30":{"start":{"line":57,"column":8},"end":{"line":57,"column":63}},"31":{"start":{"line":64,"column":2},"end":{"line":67,"column":4}},"32":{"start":{"line":65,"column":4},"end":{"line":65,"column":25}},"33":{"start":{"line":66,"column":4},"end":{"line":66,"column":59}},"34":{"start":{"line":69,"column":23},"end":{"line":75,"column":3}},"35":{"start":{"line":71,"column":17},"end":{"line":71,"column":79}},"36":{"start":{"line":71,"column":44},"end":{"line":71,"column":68}},"37":{"start":{"line":73,"column":4},"end":{"line":73,"column":22}},"38":{"start":{"line":74,"column":4},"end":{"line":74,"column":18}},"39":{"start":{"line":77,"column":2},"end":{"line":106,"column":4}},"40":{"start":{"line":88,"column":10},"end":{"line":88,"column":31}},"41":{"start":{"line":96,"column":12},"end":{"line":96,"column":70}},"42":{"start":{"line":111,"column":15},"end":{"line":134,"column":2}}},"fnMap":{"0":{"name":"(anonymous_0)","decl":{"start":{"line":14,"column":27},"end":{"line":14,"column":28}},"loc":{"start":{"line":14,"column":33},"end":{"line":107,"column":1}},"line":14},"1":{"name":"(anonymous_1)","decl":{"start":{"line":16,"column":49},"end":{"line":16,"column":50}},"loc":{"start":{"line":16,"column":58},"end":{"line":16,"column":77}},"line":16},"2":{"name":"(anonymous_2)","decl":{"start":{"line":19,"column":12},"end":{"line":19,"column":13}},"loc":{"start":{"line":19,"column":18},"end":{"line":22,"column":3}},"line":19},"3":{"name":"(anonymous_3)","decl":{"start":{"line":24,"column":23},"end":{"line":24,"column":24}},"loc":{"start":{"line":24,"column":29},"end":{"line":34,"column":3}},"line":24},"4":{"name":"(anonymous_4)","decl":{"start":{"line":30,"column":43},"end":{"line":30,"column":44}},"loc":{"start":{"line":30,"column":53},"end":{"line":32,"column":7}},"line":30},"5":{"name":"(anonymous_5)","decl":{"start":{"line":36,"column":26},"end":{"line":36,"column":27}},"loc":{"start":{"line":36,"column":38},"end":{"line":45,"column":3}},"line":36},"6":{"name":"(anonymous_6)","decl":{"start":{"line":47,"column":21},"end":{"line":47,"column":22}},"loc":{"start":{"line":47,"column":38},"end":{"line":62,"column":3}},"line":47},"7":{"name":"(anonymous_7)","decl":{"start":{"line":52,"column":38},"end":{"line":52,"column":39}},"loc":{"start":{"line":52,"column":49},"end":{"line":52,"column":68}},"line":52},"8":{"name":"(anonymous_8)","decl":{"start":{"line":64,"column":18},"end":{"line":64,"column":19}},"loc":{"start":{"line":64,"column":26},"end":{"line":67,"column":3}},"line":64},"9":{"name":"(anonymous_9)","decl":{"start":{"line":69,"column":23},"end":{"line":69,"column":24}},"loc":{"start":{"line":69,"column":29},"end":{"line":75,"column":3}},"line":69},"10":{"name":"(anonymous_10)","decl":{"start":{"line":71,"column":37},"end":{"line":71,"column":38}},"loc":{"start":{"line":71,"column":44},"end":{"line":71,"column":68}},"line":71},"11":{"name":"(anonymous_11)","decl":{"start":{"line":87,"column":17},"end":{"line":87,"column":18}},"loc":{"start":{"line":87,"column":23},"end":{"line":89,"column":9}},"line":87},"12":{"name":"(anonymous_12)","decl":{"start":{"line":95,"column":30},"end":{"line":95,"column":31}},"loc":{"start":{"line":96,"column":12},"end":{"line":96,"column":70}},"line":96}},"branchMap":{"0":{"loc":{"start":{"line":27,"column":4},"end":{"line":33,"column":5}},"type":"if","locations":[{"start":{"line":27,"column":4},"end":{"line":33,"column":5}},{"start":{"line":27,"column":4},"end":{"line":33,"column":5}}],"line":27},"1":{"loc":{"start":{"line":40,"column":14},"end":{"line":40,"column":52}},"type":"cond-expr","locations":[{"start":{"line":40,"column":30},"end":{"line":40,"column":47}},{"start":{"line":40,"column":50},"end":{"line":40,"column":52}}],"line":40},"2":{"loc":{"start":{"line":53,"column":6},"end":{"line":58,"column":7}},"type":"if","locations":[{"start":{"line":53,"column":6},"end":{"line":58,"column":7}},{"start":{"line":53,"column":6},"end":{"line":58,"column":7}}],"line":53},"3":{"loc":{"start":{"line":93,"column":7},"end":{"line":99,"column":14}},"type":"cond-expr","locations":[{"start":{"line":94,"column":8},"end":{"line":98,"column":27}},{"start":{"line":99,"column":10},"end":{"line":99,"column":14}}],"line":93}},"s":{"0":4,"1":4,"2":7,"3":7,"4":0,"5":7,"6":6,"7":4,"8":6,"9":0,"10":0,"11":0,"12":0,"13":0,"14":0,"15":6,"16":4,"17":4,"18":3,"19":3,"20":0,"21":6,"22":0,"23":0,"24":0,"25":0,"26":0,"27":0,"28":0,"29":0,"30":0,"31":6,"32":1,"33":1,"34":6,"35":1,"36":1,"37":1,"38":1,"39":6,"40":0,"41":1,"42":4},"f":{"0":7,"1":0,"2":4,"3":0,"4":0,"5":4,"6":0,"7":0,"8":1,"9":1,"10":1,"11":0,"12":1},"b":{"0":[0,0],"1":[0,3],"2":[0,0],"3":[1,5]},"_coverageSchema":"1a1c01bbd47fc00a2c39e90264f33305004495a9","hash":"293a3232f9c77193a56ffa22eeb3e0293e71e749"}
,"/Users/benhurmartins/Desktop/react-native/imageFinder/src/components/ViewContainer.js": {"path":"/Users/benhurmartins/Desktop/react-native/imageFinder/src/components/ViewContainer.js","statementMap":{"0":{"start":{"line":5,"column":22},"end":{"line":11,"column":1}},"1":{"start":{"line":6,"column":2},"end":{"line":10,"column":4}},"2":{"start":{"line":15,"column":15},"end":{"line":21,"column":2}}},"fnMap":{"0":{"name":"(anonymous_0)","decl":{"start":{"line":5,"column":22},"end":{"line":5,"column":23}},"loc":{"start":{"line":5,"column":31},"end":{"line":11,"column":1}},"line":5}},"branchMap":{},"s":{"0":5,"1":5,"2":5},"f":{"0":5},"b":{},"_coverageSchema":"1a1c01bbd47fc00a2c39e90264f33305004495a9","hash":"00c14979c381b303dd509fc559d5c2601b515874"}
,"/Users/benhurmartins/Desktop/react-native/imageFinder/src/components/ViewTermsHistory.js": {"path":"/Users/benhurmartins/Desktop/react-native/imageFinder/src/components/ViewTermsHistory.js","statementMap":{"0":{"start":{"line":5,"column":25},"end":{"line":7,"column":1}},"1":{"start":{"line":6,"column":2},"end":{"line":6,"column":80}},"2":{"start":{"line":11,"column":15},"end":{"line":19,"column":2}}},"fnMap":{"0":{"name":"(anonymous_0)","decl":{"start":{"line":5,"column":25},"end":{"line":5,"column":26}},"loc":{"start":{"line":5,"column":34},"end":{"line":7,"column":1}},"line":5}},"branchMap":{},"s":{"0":4,"1":1,"2":4},"f":{"0":1},"b":{},"_coverageSchema":"1a1c01bbd47fc00a2c39e90264f33305004495a9","hash":"666c172646c0c4ab343c289c3ef5d9a5e9a3fe34"}
,"/Users/benhurmartins/Desktop/react-native/imageFinder/src/components/index.js": {"path":"/Users/benhurmartins/Desktop/react-native/imageFinder/src/components/index.js","statementMap":{},"fnMap":{},"branchMap":{},"s":{},"f":{},"b":{},"_coverageSchema":"1a1c01bbd47fc00a2c39e90264f33305004495a9","hash":"42500b47b6e781ba86062f179ca5f7cf8f48329b"}
,"/Users/benhurmartins/Desktop/react-native/imageFinder/src/reducers/actionsTypes.js": {"path":"/Users/benhurmartins/Desktop/react-native/imageFinder/src/reducers/actionsTypes.js","statementMap":{"0":{"start":{"line":1,"column":31},"end":{"line":1,"column":48}},"1":{"start":{"line":2,"column":25},"end":{"line":2,"column":36}},"2":{"start":{"line":3,"column":24},"end":{"line":3,"column":34}},"3":{"start":{"line":4,"column":26},"end":{"line":4,"column":38}},"4":{"start":{"line":5,"column":26},"end":{"line":5,"column":38}},"5":{"start":{"line":6,"column":26},"end":{"line":6,"column":38}}},"fnMap":{},"branchMap":{},"s":{"0":4,"1":4,"2":4,"3":4,"4":4,"5":4},"f":{},"b":{},"_coverageSchema":"1a1c01bbd47fc00a2c39e90264f33305004495a9","hash":"f4d5f90e35737f396bbcc0385256b228e3757cbb"}
,"/Users/benhurmartins/Desktop/react-native/imageFinder/src/scenes/Home/index.js": {"path":"/Users/benhurmartins/Desktop/react-native/imageFinder/src/scenes/Home/index.js","statementMap":{"0":{"start":{"line":8,"column":13},"end":{"line":15,"column":1}},"1":{"start":{"line":9,"column":2},"end":{"line":14,"column":4}}},"fnMap":{"0":{"name":"(anonymous_0)","decl":{"start":{"line":8,"column":13},"end":{"line":8,"column":14}},"loc":{"start":{"line":8,"column":19},"end":{"line":15,"column":1}},"line":8}},"branchMap":{},"s":{"0":1,"1":2},"f":{"0":2},"b":{},"_coverageSchema":"1a1c01bbd47fc00a2c39e90264f33305004495a9","hash":"41b54f4197bb8d70ca480cd87491df1d3d9efe03"}
,"/Users/benhurmartins/Desktop/react-native/imageFinder/src/styles/Colors.js": {"path":"/Users/benhurmartins/Desktop/react-native/imageFinder/src/styles/Colors.js","statementMap":{"0":{"start":{"line":1,"column":32},"end":{"line":1,"column":41}},"1":{"start":{"line":2,"column":21},"end":{"line":2,"column":30}},"2":{"start":{"line":3,"column":21},"end":{"line":3,"column":30}},"3":{"start":{"line":4,"column":25},"end":{"line":4,"column":34}}},"fnMap":{},"branchMap":{},"s":{"0":7,"1":7,"2":7,"3":7},"f":{},"b":{},"_coverageSchema":"1a1c01bbd47fc00a2c39e90264f33305004495a9","hash":"f0e7441aeba2c74d01e5a9d338a752cf9d05b4ed"}
,"/Users/benhurmartins/Desktop/react-native/imageFinder/src/styles/Mixins.js": {"path":"/Users/benhurmartins/Desktop/react-native/imageFinder/src/styles/Mixins.js","statementMap":{"0":{"start":{"line":3,"column":28},"end":{"line":3,"column":58}},"1":{"start":{"line":4,"column":31},"end":{"line":4,"column":52}},"2":{"start":{"line":5,"column":27},"end":{"line":5,"column":44}},"3":{"start":{"line":6,"column":28},"end":{"line":6,"column":46}},"4":{"start":{"line":8,"column":29},"end":{"line":8,"column":48}},"5":{"start":{"line":9,"column":33},"end":{"line":9,"column":52}},"6":{"start":{"line":10,"column":31},"end":{"line":10,"column":50}}},"fnMap":{},"branchMap":{},"s":{"0":7,"1":7,"2":7,"3":7,"4":7,"5":7,"6":7},"f":{},"b":{},"_coverageSchema":"1a1c01bbd47fc00a2c39e90264f33305004495a9","hash":"5b095c22ec69f0297bfae36a258c63411ddb4c16"}
,"/Users/benhurmartins/Desktop/react-native/imageFinder/src/styles/index.js": {"path":"/Users/benhurmartins/Desktop/react-native/imageFinder/src/styles/index.js","statementMap":{},"fnMap":{},"branchMap":{},"s":{},"f":{},"b":{},"_coverageSchema":"1a1c01bbd47fc00a2c39e90264f33305004495a9","hash":"8f82f0b552f14821516c2340258376c3918cb506"}
}
