TN:
SF:src/components/Button.js
FN:5,(anonymous_0)
FNF:1
FNH:1
FNDA:9,(anonymous_0)
DA:5,5
DA:6,9
DA:17,5
LF:3
LH:3
BRF:0
BRH:0
end_of_record
TN:
SF:src/components/CardTermHistory.js
FN:5,(anonymous_0)
FN:7,(anonymous_1)
FNF:2
FNH:1
FNDA:4,(anonymous_0)
FNDA:0,(anonymous_1)
DA:5,5
DA:6,4
DA:7,0
DA:15,5
LF:4
LH:3
BRF:0
BRH:0
end_of_record
TN:
SF:src/components/FlatListComponent.js
FN:9,(anonymous_0)
FN:11,(anonymous_1)
FN:13,(anonymous_2)
FN:15,(anonymous_3)
FN:16,(anonymous_4)
FN:27,(anonymous_5)
FNF:6
FNH:3
FNDA:4,(anonymous_0)
FNDA:0,(anonymous_1)
FNDA:8,(anonymous_2)
FNDA:0,(anonymous_3)
FNDA:0,(anonymous_4)
FNDA:8,(anonymous_5)
DA:9,4
DA:10,4
DA:11,4
DA:13,8
DA:15,4
DA:16,0
DA:17,0
DA:18,0
DA:22,4
DA:27,8
DA:37,4
LF:11
LH:8
BRF:0
BRH:0
end_of_record
TN:
SF:src/components/ImageOverlay.js
FN:6,(anonymous_0)
FNF:1
FNH:1
FNDA:10,(anonymous_0)
DA:6,4
DA:7,10
DA:21,4
LF:3
LH:3
BRF:0
BRH:0
end_of_record
TN:
SF:src/components/ListItem.js
FN:7,(anonymous_0)
FN:10,(anonymous_1)
FN:14,(anonymous_2)
FNF:3
FNH:2
FNDA:10,(anonymous_0)
FNDA:0,(anonymous_1)
FNDA:20,(anonymous_2)
DA:7,4
DA:8,10
DA:10,10
DA:11,0
DA:14,10
DA:15,20
DA:18,10
DA:33,4
LF:8
LH:7
BRF:0
BRH:0
end_of_record
TN:
SF:src/components/SearchBarComponent.js
FN:14,(anonymous_0)
FN:16,(anonymous_1)
FN:19,(anonymous_2)
FN:24,(anonymous_3)
FN:30,(anonymous_4)
FN:36,(anonymous_5)
FN:47,(anonymous_6)
FN:52,(anonymous_7)
FN:64,(anonymous_8)
FN:69,(anonymous_9)
FN:71,(anonymous_10)
FN:87,(anonymous_11)
FN:95,(anonymous_12)
FNF:13
FNH:7
FNDA:7,(anonymous_0)
FNDA:0,(anonymous_1)
FNDA:4,(anonymous_2)
FNDA:0,(anonymous_3)
FNDA:0,(anonymous_4)
FNDA:4,(anonymous_5)
FNDA:0,(anonymous_6)
FNDA:0,(anonymous_7)
FNDA:1,(anonymous_8)
FNDA:1,(anonymous_9)
FNDA:1,(anonymous_10)
FNDA:0,(anonymous_11)
FNDA:1,(anonymous_12)
DA:12,4
DA:14,4
DA:15,7
DA:16,7
DA:17,7
DA:19,6
DA:21,4
DA:24,6
DA:26,0
DA:27,0
DA:28,0
DA:29,0
DA:30,0
DA:31,0
DA:36,6
DA:38,4
DA:39,4
DA:40,3
DA:41,3
DA:43,0
DA:47,6
DA:49,0
DA:50,0
DA:52,0
DA:53,0
DA:54,0
DA:55,0
DA:56,0
DA:57,0
DA:64,6
DA:65,1
DA:66,1
DA:69,6
DA:71,1
DA:73,1
DA:74,1
DA:77,6
DA:88,0
DA:96,1
DA:111,4
LF:40
LH:24
BRDA:27,0,0,0
BRDA:27,0,1,0
BRDA:40,1,0,0
BRDA:40,1,1,3
BRDA:53,2,0,0
BRDA:53,2,1,0
BRDA:93,3,0,1
BRDA:93,3,1,5
BRF:8
BRH:3
end_of_record
TN:
SF:src/components/ViewContainer.js
FN:5,(anonymous_0)
FNF:1
FNH:1
FNDA:5,(anonymous_0)
DA:5,5
DA:6,5
DA:15,5
LF:3
LH:3
BRF:0
BRH:0
end_of_record
TN:
SF:src/components/ViewTermsHistory.js
FN:5,(anonymous_0)
FNF:1
FNH:1
FNDA:1,(anonymous_0)
DA:5,4
DA:6,1
DA:11,4
LF:3
LH:3
BRF:0
BRH:0
end_of_record
TN:
SF:src/components/index.js
FNF:0
FNH:0
LF:0
LH:0
BRF:0
BRH:0
end_of_record
TN:
SF:src/reducers/actionsTypes.js
FNF:0
FNH:0
DA:1,4
DA:2,4
DA:3,4
DA:4,4
DA:5,4
DA:6,4
LF:6
LH:6
BRF:0
BRH:0
end_of_record
TN:
SF:src/scenes/Home/index.js
FN:8,(anonymous_0)
FNF:1
FNH:1
FNDA:2,(anonymous_0)
DA:8,1
DA:9,2
LF:2
LH:2
BRF:0
BRH:0
end_of_record
TN:
SF:src/styles/Colors.js
FNF:0
FNH:0
DA:1,7
DA:2,7
DA:3,7
DA:4,7
LF:4
LH:4
BRF:0
BRH:0
end_of_record
TN:
SF:src/styles/Mixins.js
FNF:0
FNH:0
DA:3,7
DA:4,7
DA:5,7
DA:6,7
DA:8,7
DA:9,7
DA:10,7
LF:7
LH:7
BRF:0
BRH:0
end_of_record
TN:
SF:src/styles/index.js
FNF:0
FNH:0
LF:0
LH:0
BRF:0
BRH:0
end_of_record
